D:\USERS\CHRIS\DOCUMENTS\VISUAL STUDIO 2012\PROJECTS\RPGENGINE\DEBUG\RPGENGINE.BSC
D:\USERS\CHRIS\DOCUMENTS\VISUAL STUDIO 2012\PROJECTS\RPGENGINE\RPGENGINE\DEBUG\VIDEOMANAGER.SBR
D:\USERS\CHRIS\DOCUMENTS\VISUAL STUDIO 2012\PROJECTS\RPGENGINE\RPGENGINE\DEBUG\TRANSITIONFADE.SBR
D:\USERS\CHRIS\DOCUMENTS\VISUAL STUDIO 2012\PROJECTS\RPGENGINE\RPGENGINE\DEBUG\TRANSITION.SBR
D:\USERS\CHRIS\DOCUMENTS\VISUAL STUDIO 2012\PROJECTS\RPGENGINE\RPGENGINE\DEBUG\TIMERAPI.SBR
D:\USERS\CHRIS\DOCUMENTS\VISUAL STUDIO 2012\PROJECTS\RPGENGINE\RPGENGINE\DEBUG\TIMER.SBR
D:\USERS\CHRIS\DOCUMENTS\VISUAL STUDIO 2012\PROJECTS\RPGENGINE\RPGENGINE\DEBUG\TEXTSURFACE.SBR
D:\USERS\CHRIS\DOCUMENTS\VISUAL STUDIO 2012\PROJECTS\RPGENGINE\RPGENGINE\DEBUG\SYSTEM.SBR
D:\USERS\CHRIS\DOCUMENTS\VISUAL STUDIO 2012\PROJECTS\RPGENGINE\RPGENGINE\DEBUG\SURFACEAPI.SBR
D:\USERS\CHRIS\DOCUMENTS\VISUAL STUDIO 2012\PROJECTS\RPGENGINE\RPGENGINE\DEBUG\SURFACE.SBR
D:\USERS\CHRIS\DOCUMENTS\VISUAL STUDIO 2012\PROJECTS\RPGENGINE\RPGENGINE\DEBUG\SPRITE.SBR
D:\USERS\CHRIS\DOCUMENTS\VISUAL STUDIO 2012\PROJECTS\RPGENGINE\RPGENGINE\DEBUG\SOUND.SBR
D:\USERS\CHRIS\DOCUMENTS\VISUAL STUDIO 2012\PROJECTS\RPGENGINE\RPGENGINE\DEBUG\SETTINGS.SBR
D:\USERS\CHRIS\DOCUMENTS\VISUAL STUDIO 2012\PROJECTS\RPGENGINE\RPGENGINE\DEBUG\RECTANGLE.SBR
D:\USERS\CHRIS\DOCUMENTS\VISUAL STUDIO 2012\PROJECTS\RPGENGINE\RPGENGINE\DEBUG\RANDOM.SBR
D:\USERS\CHRIS\DOCUMENTS\VISUAL STUDIO 2012\PROJECTS\RPGENGINE\RPGENGINE\DEBUG\QUESTPROPERTIES.SBR
D:\USERS\CHRIS\DOCUMENTS\VISUAL STUDIO 2012\PROJECTS\RPGENGINE\RPGENGINE\DEBUG\MENUAPI.SBR
D:\USERS\CHRIS\DOCUMENTS\VISUAL STUDIO 2012\PROJECTS\RPGENGINE\RPGENGINE\DEBUG\MAINLOOP.SBR
D:\USERS\CHRIS\DOCUMENTS\VISUAL STUDIO 2012\PROJECTS\RPGENGINE\RPGENGINE\DEBUG\MAINAPI.SBR
D:\USERS\CHRIS\DOCUMENTS\VISUAL STUDIO 2012\PROJECTS\RPGENGINE\RPGENGINE\DEBUG\MAIN.SBR
D:\USERS\CHRIS\DOCUMENTS\VISUAL STUDIO 2012\PROJECTS\RPGENGINE\RPGENGINE\DEBUG\INPUTEVENT.SBR
D:\USERS\CHRIS\DOCUMENTS\VISUAL STUDIO 2012\PROJECTS\RPGENGINE\RPGENGINE\DEBUG\INPUTEVENT.OBJ
D:\USERS\CHRIS\DOCUMENTS\VISUAL STUDIO 2012\PROJECTS\RPGENGINE\RPGENGINE\DEBUG\MAIN.OBJ
D:\USERS\CHRIS\DOCUMENTS\VISUAL STUDIO 2012\PROJECTS\RPGENGINE\RPGENGINE\DEBUG\MAINAPI.OBJ
D:\USERS\CHRIS\DOCUMENTS\VISUAL STUDIO 2012\PROJECTS\RPGENGINE\RPGENGINE\DEBUG\MAINLOOP.OBJ
D:\USERS\CHRIS\DOCUMENTS\VISUAL STUDIO 2012\PROJECTS\RPGENGINE\RPGENGINE\DEBUG\MENUAPI.OBJ
D:\USERS\CHRIS\DOCUMENTS\VISUAL STUDIO 2012\PROJECTS\RPGENGINE\RPGENGINE\DEBUG\QUESTPROPERTIES.OBJ
D:\USERS\CHRIS\DOCUMENTS\VISUAL STUDIO 2012\PROJECTS\RPGENGINE\RPGENGINE\DEBUG\RANDOM.OBJ
D:\USERS\CHRIS\DOCUMENTS\VISUAL STUDIO 2012\PROJECTS\RPGENGINE\RPGENGINE\DEBUG\RECTANGLE.OBJ
D:\USERS\CHRIS\DOCUMENTS\VISUAL STUDIO 2012\PROJECTS\RPGENGINE\RPGENGINE\DEBUG\SETTINGS.OBJ
D:\USERS\CHRIS\DOCUMENTS\VISUAL STUDIO 2012\PROJECTS\RPGENGINE\RPGENGINE\DEBUG\SOUND.OBJ
D:\USERS\CHRIS\DOCUMENTS\VISUAL STUDIO 2012\PROJECTS\RPGENGINE\RPGENGINE\DEBUG\SPRITE.OBJ
D:\USERS\CHRIS\DOCUMENTS\VISUAL STUDIO 2012\PROJECTS\RPGENGINE\RPGENGINE\DEBUG\SURFACE.OBJ
D:\USERS\CHRIS\DOCUMENTS\VISUAL STUDIO 2012\PROJECTS\RPGENGINE\RPGENGINE\DEBUG\SURFACEAPI.OBJ
D:\USERS\CHRIS\DOCUMENTS\VISUAL STUDIO 2012\PROJECTS\RPGENGINE\RPGENGINE\DEBUG\SYSTEM.OBJ
D:\USERS\CHRIS\DOCUMENTS\VISUAL STUDIO 2012\PROJECTS\RPGENGINE\RPGENGINE\DEBUG\TEXTSURFACE.OBJ
D:\USERS\CHRIS\DOCUMENTS\VISUAL STUDIO 2012\PROJECTS\RPGENGINE\RPGENGINE\DEBUG\TIMER.OBJ
D:\USERS\CHRIS\DOCUMENTS\VISUAL STUDIO 2012\PROJECTS\RPGENGINE\RPGENGINE\DEBUG\TIMERAPI.OBJ
D:\USERS\CHRIS\DOCUMENTS\VISUAL STUDIO 2012\PROJECTS\RPGENGINE\RPGENGINE\DEBUG\TRANSITION.OBJ
D:\USERS\CHRIS\DOCUMENTS\VISUAL STUDIO 2012\PROJECTS\RPGENGINE\RPGENGINE\DEBUG\TRANSITIONFADE.OBJ
D:\USERS\CHRIS\DOCUMENTS\VISUAL STUDIO 2012\PROJECTS\RPGENGINE\RPGENGINE\DEBUG\VIDEOMANAGER.OBJ
D:\USERS\CHRIS\DOCUMENTS\VISUAL STUDIO 2012\PROJECTS\RPGENGINE\RPGENGINE\DEBUG\FILETOOLS.SBR
D:\USERS\CHRIS\DOCUMENTS\VISUAL STUDIO 2012\PROJECTS\RPGENGINE\RPGENGINE\DEBUG\EXPORTABLETOLUA.SBR
D:\USERS\CHRIS\DOCUMENTS\VISUAL STUDIO 2012\PROJECTS\RPGENGINE\RPGENGINE\DEBUG\DRAWABLEAPI.SBR
D:\USERS\CHRIS\DOCUMENTS\VISUAL STUDIO 2012\PROJECTS\RPGENGINE\RPGENGINE\DEBUG\DRAWABLE.SBR
D:\USERS\CHRIS\DOCUMENTS\VISUAL STUDIO 2012\PROJECTS\RPGENGINE\RPGENGINE\DEBUG\COLOR.SBR
D:\USERS\CHRIS\DOCUMENTS\VISUAL STUDIO 2012\PROJECTS\RPGENGINE\RPGENGINE\DEBUG\AUDIOAPI.SBR
D:\USERS\CHRIS\DOCUMENTS\VISUAL STUDIO 2012\PROJECTS\RPGENGINE\RPGENGINE\DEBUG\AUDIOAPI.OBJ
D:\USERS\CHRIS\DOCUMENTS\VISUAL STUDIO 2012\PROJECTS\RPGENGINE\RPGENGINE\DEBUG\COLOR.OBJ
D:\USERS\CHRIS\DOCUMENTS\VISUAL STUDIO 2012\PROJECTS\RPGENGINE\RPGENGINE\DEBUG\DRAWABLE.OBJ
D:\USERS\CHRIS\DOCUMENTS\VISUAL STUDIO 2012\PROJECTS\RPGENGINE\RPGENGINE\DEBUG\DRAWABLEAPI.OBJ
D:\USERS\CHRIS\DOCUMENTS\VISUAL STUDIO 2012\PROJECTS\RPGENGINE\RPGENGINE\DEBUG\EXPORTABLETOLUA.OBJ
D:\USERS\CHRIS\DOCUMENTS\VISUAL STUDIO 2012\PROJECTS\RPGENGINE\RPGENGINE\DEBUG\FILETOOLS.OBJ
D:\USERS\CHRIS\DOCUMENTS\VISUAL STUDIO 2012\PROJECTS\RPGENGINE\RPGENGINE\DEBUG\VC110.PDB
D:\USERS\CHRIS\DOCUMENTS\VISUAL STUDIO 2012\PROJECTS\RPGENGINE\RPGENGINE\DEBUG\LUACONTEXT.SBR
D:\USERS\CHRIS\DOCUMENTS\VISUAL STUDIO 2012\PROJECTS\RPGENGINE\RPGENGINE\DEBUG\LUACONTEXT.OBJ
D:\USERS\CHRIS\DOCUMENTS\VISUAL STUDIO 2012\PROJECTS\RPGENGINE\RPGENGINE\DEBUG\TEXTSURFACEAPI.SBR
D:\USERS\CHRIS\DOCUMENTS\VISUAL STUDIO 2012\PROJECTS\RPGENGINE\RPGENGINE\DEBUG\STRINGRESOURCE.SBR
D:\USERS\CHRIS\DOCUMENTS\VISUAL STUDIO 2012\PROJECTS\RPGENGINE\RPGENGINE\DEBUG\STRINGRESOURCE.OBJ
D:\USERS\CHRIS\DOCUMENTS\VISUAL STUDIO 2012\PROJECTS\RPGENGINE\RPGENGINE\DEBUG\TEXTSURFACEAPI.OBJ
D:\USERS\CHRIS\DOCUMENTS\VISUAL STUDIO 2012\PROJECTS\RPGENGINE\DEBUG\RPGENGINE.ILK
D:\USERS\CHRIS\DOCUMENTS\VISUAL STUDIO 2012\PROJECTS\RPGENGINE\DEBUG\RPGENGINE.EXE
D:\USERS\CHRIS\DOCUMENTS\VISUAL STUDIO 2012\PROJECTS\RPGENGINE\DEBUG\RPGENGINE.PDB
D:\users\Chris\documents\visual studio 2012\Projects\RPGEngine\RPGEngine\Debug\AudioAPI.obj
D:\users\Chris\documents\visual studio 2012\Projects\RPGEngine\RPGEngine\Debug\Color.obj
D:\users\Chris\documents\visual studio 2012\Projects\RPGEngine\RPGEngine\Debug\Drawable.obj
D:\users\Chris\documents\visual studio 2012\Projects\RPGEngine\RPGEngine\Debug\DrawableAPI.obj
D:\users\Chris\documents\visual studio 2012\Projects\RPGEngine\RPGEngine\Debug\ExportableToLua.obj
D:\users\Chris\documents\visual studio 2012\Projects\RPGEngine\RPGEngine\Debug\FileTools.obj
D:\users\Chris\documents\visual studio 2012\Projects\RPGEngine\RPGEngine\Debug\InputEvent.obj
D:\users\Chris\documents\visual studio 2012\Projects\RPGEngine\RPGEngine\Debug\LuaContext.obj
D:\users\Chris\documents\visual studio 2012\Projects\RPGEngine\RPGEngine\Debug\main.obj
D:\users\Chris\documents\visual studio 2012\Projects\RPGEngine\RPGEngine\Debug\MainAPI.obj
D:\users\Chris\documents\visual studio 2012\Projects\RPGEngine\RPGEngine\Debug\MainLoop.obj
D:\users\Chris\documents\visual studio 2012\Projects\RPGEngine\RPGEngine\Debug\MenuAPI.obj
D:\users\Chris\documents\visual studio 2012\Projects\RPGEngine\RPGEngine\Debug\QuestProperties.obj
D:\users\Chris\documents\visual studio 2012\Projects\RPGEngine\RPGEngine\Debug\Random.obj
D:\users\Chris\documents\visual studio 2012\Projects\RPGEngine\RPGEngine\Debug\Rectangle.obj
D:\users\Chris\documents\visual studio 2012\Projects\RPGEngine\RPGEngine\Debug\Settings.obj
D:\users\Chris\documents\visual studio 2012\Projects\RPGEngine\RPGEngine\Debug\Sound.obj
D:\users\Chris\documents\visual studio 2012\Projects\RPGEngine\RPGEngine\Debug\Sprite.obj
D:\users\Chris\documents\visual studio 2012\Projects\RPGEngine\RPGEngine\Debug\StringResource.obj
D:\users\Chris\documents\visual studio 2012\Projects\RPGEngine\RPGEngine\Debug\Surface.obj
D:\users\Chris\documents\visual studio 2012\Projects\RPGEngine\RPGEngine\Debug\SurfaceAPI.obj
D:\users\Chris\documents\visual studio 2012\Projects\RPGEngine\RPGEngine\Debug\System.obj
D:\users\Chris\documents\visual studio 2012\Projects\RPGEngine\RPGEngine\Debug\TextSurface.obj
D:\users\Chris\documents\visual studio 2012\Projects\RPGEngine\RPGEngine\Debug\TextSurfaceAPI.obj
D:\users\Chris\documents\visual studio 2012\Projects\RPGEngine\RPGEngine\Debug\Timer.obj
D:\users\Chris\documents\visual studio 2012\Projects\RPGEngine\RPGEngine\Debug\TimerAPI.obj
D:\users\Chris\documents\visual studio 2012\Projects\RPGEngine\RPGEngine\Debug\Transition.obj
D:\users\Chris\documents\visual studio 2012\Projects\RPGEngine\RPGEngine\Debug\TransitionFade.obj
D:\users\Chris\documents\visual studio 2012\Projects\RPGEngine\RPGEngine\Debug\VideoManager.obj
D:\users\Chris\documents\visual studio 2012\Projects\RPGEngine\RPGEngine\Debug\BscMake.command.1.tlog
D:\users\Chris\documents\visual studio 2012\Projects\RPGEngine\RPGEngine\Debug\bscmake.read.1.tlog
D:\users\Chris\documents\visual studio 2012\Projects\RPGEngine\RPGEngine\Debug\BscMake.write.1.tlog
D:\users\Chris\documents\visual studio 2012\Projects\RPGEngine\RPGEngine\Debug\cl.command.1.tlog
D:\users\Chris\documents\visual studio 2012\Projects\RPGEngine\RPGEngine\Debug\CL.read.1.tlog
D:\users\Chris\documents\visual studio 2012\Projects\RPGEngine\RPGEngine\Debug\CL.write.1.tlog
D:\users\Chris\documents\visual studio 2012\Projects\RPGEngine\RPGEngine\Debug\link-cvtres.read.1.tlog
D:\users\Chris\documents\visual studio 2012\Projects\RPGEngine\RPGEngine\Debug\link-cvtres.write.1.tlog
D:\users\Chris\documents\visual studio 2012\Projects\RPGEngine\RPGEngine\Debug\link-rc.read.1.tlog
D:\users\Chris\documents\visual studio 2012\Projects\RPGEngine\RPGEngine\Debug\link-rc.write.1.tlog
D:\users\Chris\documents\visual studio 2012\Projects\RPGEngine\RPGEngine\Debug\link.3116-cvtres.read.1.tlog
D:\users\Chris\documents\visual studio 2012\Projects\RPGEngine\RPGEngine\Debug\link.3116-cvtres.write.1.tlog
D:\users\Chris\documents\visual studio 2012\Projects\RPGEngine\RPGEngine\Debug\link.3116-rc.read.1.tlog
D:\users\Chris\documents\visual studio 2012\Projects\RPGEngine\RPGEngine\Debug\link.3116-rc.write.1.tlog
D:\users\Chris\documents\visual studio 2012\Projects\RPGEngine\RPGEngine\Debug\link.3116.read.1.tlog
D:\users\Chris\documents\visual studio 2012\Projects\RPGEngine\RPGEngine\Debug\link.3116.write.1.tlog
D:\users\Chris\documents\visual studio 2012\Projects\RPGEngine\RPGEngine\Debug\link.command.1.tlog
D:\users\Chris\documents\visual studio 2012\Projects\RPGEngine\RPGEngine\Debug\link.read.1.tlog
D:\users\Chris\documents\visual studio 2012\Projects\RPGEngine\RPGEngine\Debug\link.write.1.tlog
D:\users\Chris\documents\visual studio 2012\Projects\RPGEngine\RPGEngine\Debug\vc110.idb
D:\users\Chris\documents\visual studio 2012\Projects\RPGEngine\RPGEngine\Debug\vc110.pdb
D:\users\Chris\documents\visual studio 2012\Projects\RPGEngine\RPGEngine\Debug\AudioAPI.sbr
D:\users\Chris\documents\visual studio 2012\Projects\RPGEngine\RPGEngine\Debug\Color.sbr
D:\users\Chris\documents\visual studio 2012\Projects\RPGEngine\RPGEngine\Debug\Drawable.sbr
D:\users\Chris\documents\visual studio 2012\Projects\RPGEngine\RPGEngine\Debug\DrawableAPI.sbr
D:\users\Chris\documents\visual studio 2012\Projects\RPGEngine\RPGEngine\Debug\ExportableToLua.sbr
D:\users\Chris\documents\visual studio 2012\Projects\RPGEngine\RPGEngine\Debug\FileTools.sbr
D:\users\Chris\documents\visual studio 2012\Projects\RPGEngine\RPGEngine\Debug\InputEvent.sbr
D:\users\Chris\documents\visual studio 2012\Projects\RPGEngine\RPGEngine\Debug\LuaContext.sbr
D:\users\Chris\documents\visual studio 2012\Projects\RPGEngine\RPGEngine\Debug\main.sbr
D:\users\Chris\documents\visual studio 2012\Projects\RPGEngine\RPGEngine\Debug\MainAPI.sbr
D:\users\Chris\documents\visual studio 2012\Projects\RPGEngine\RPGEngine\Debug\MainLoop.sbr
D:\users\Chris\documents\visual studio 2012\Projects\RPGEngine\RPGEngine\Debug\MenuAPI.sbr
D:\users\Chris\documents\visual studio 2012\Projects\RPGEngine\RPGEngine\Debug\QuestProperties.sbr
D:\users\Chris\documents\visual studio 2012\Projects\RPGEngine\RPGEngine\Debug\Random.sbr
D:\users\Chris\documents\visual studio 2012\Projects\RPGEngine\RPGEngine\Debug\Rectangle.sbr
D:\users\Chris\documents\visual studio 2012\Projects\RPGEngine\RPGEngine\Debug\Settings.sbr
D:\users\Chris\documents\visual studio 2012\Projects\RPGEngine\RPGEngine\Debug\Sound.sbr
D:\users\Chris\documents\visual studio 2012\Projects\RPGEngine\RPGEngine\Debug\Sprite.sbr
D:\users\Chris\documents\visual studio 2012\Projects\RPGEngine\RPGEngine\Debug\StringResource.sbr
D:\users\Chris\documents\visual studio 2012\Projects\RPGEngine\RPGEngine\Debug\Surface.sbr
D:\users\Chris\documents\visual studio 2012\Projects\RPGEngine\RPGEngine\Debug\SurfaceAPI.sbr
D:\users\Chris\documents\visual studio 2012\Projects\RPGEngine\RPGEngine\Debug\System.sbr
D:\users\Chris\documents\visual studio 2012\Projects\RPGEngine\RPGEngine\Debug\TextSurface.sbr
D:\users\Chris\documents\visual studio 2012\Projects\RPGEngine\RPGEngine\Debug\TextSurfaceAPI.sbr
D:\users\Chris\documents\visual studio 2012\Projects\RPGEngine\RPGEngine\Debug\Timer.sbr
D:\users\Chris\documents\visual studio 2012\Projects\RPGEngine\RPGEngine\Debug\TimerAPI.sbr
D:\users\Chris\documents\visual studio 2012\Projects\RPGEngine\RPGEngine\Debug\Transition.sbr
D:\users\Chris\documents\visual studio 2012\Projects\RPGEngine\RPGEngine\Debug\TransitionFade.sbr
D:\users\Chris\documents\visual studio 2012\Projects\RPGEngine\RPGEngine\Debug\VideoManager.sbr
D:\users\Chris\documents\visual studio 2012\Projects\RPGEngine\Debug\RPGEngine.pdb
D:\users\Chris\documents\visual studio 2012\Projects\RPGEngine\Debug\RPGEngine.bsc
